mode: set
github.com/therealfilko/HTMLTextExtractor/cmd/main.go:12.13,13.25 1 1
github.com/therealfilko/HTMLTextExtractor/cmd/main.go:13.25,15.6 1 0
github.com/therealfilko/HTMLTextExtractor/cmd/main.go:17.5,20.17 3 1
github.com/therealfilko/HTMLTextExtractor/cmd/main.go:21.20,22.29 1 1
github.com/therealfilko/HTMLTextExtractor/cmd/main.go:22.29,24.10 1 0
github.com/therealfilko/HTMLTextExtractor/cmd/main.go:25.9,27.23 3 1
github.com/therealfilko/HTMLTextExtractor/cmd/main.go:27.23,29.10 1 0
github.com/therealfilko/HTMLTextExtractor/cmd/main.go:30.9,30.28 1 1
github.com/therealfilko/HTMLTextExtractor/cmd/main.go:31.18,33.23 2 1
github.com/therealfilko/HTMLTextExtractor/cmd/main.go:33.23,35.10 1 0
github.com/therealfilko/HTMLTextExtractor/cmd/main.go:36.9,36.43 1 1
github.com/therealfilko/HTMLTextExtractor/cmd/main.go:37.13,38.41 1 0
github.com/therealfilko/HTMLTextExtractor/pkg/fetcher/fetcher.go:9.60,11.19 2 1
github.com/therealfilko/HTMLTextExtractor/pkg/fetcher/fetcher.go:11.19,13.6 1 0
github.com/therealfilko/HTMLTextExtractor/pkg/fetcher/fetcher.go:14.5,17.19 3 1
github.com/therealfilko/HTMLTextExtractor/pkg/fetcher/fetcher.go:17.19,19.6 1 0
github.com/therealfilko/HTMLTextExtractor/pkg/fetcher/fetcher.go:21.5,21.32 1 1
github.com/therealfilko/HTMLTextExtractor/pkg/extractor/extractor.go:12.71,14.19 2 1
github.com/therealfilko/HTMLTextExtractor/pkg/extractor/extractor.go:14.19,16.6 1 0
github.com/therealfilko/HTMLTextExtractor/pkg/extractor/extractor.go:17.5,19.31 2 1
github.com/therealfilko/HTMLTextExtractor/pkg/extractor/extractor.go:19.31,21.6 1 0
github.com/therealfilko/HTMLTextExtractor/pkg/extractor/extractor.go:24.5,25.19 2 1
github.com/therealfilko/HTMLTextExtractor/pkg/extractor/extractor.go:25.19,27.6 1 0
github.com/therealfilko/HTMLTextExtractor/pkg/extractor/extractor.go:29.5,30.29 2 1
github.com/therealfilko/HTMLTextExtractor/pkg/extractor/extractor.go:30.29,32.6 1 0
github.com/therealfilko/HTMLTextExtractor/pkg/extractor/extractor.go:34.5,35.19 2 1
github.com/therealfilko/HTMLTextExtractor/pkg/extractor/extractor.go:35.19,37.6 1 0
github.com/therealfilko/HTMLTextExtractor/pkg/extractor/extractor.go:38.5,39.31 2 1
github.com/therealfilko/HTMLTextExtractor/pkg/counter/counter.go:10.42,12.19 2 1
github.com/therealfilko/HTMLTextExtractor/pkg/counter/counter.go:12.19,14.6 1 0
github.com/therealfilko/HTMLTextExtractor/pkg/counter/counter.go:15.5,17.31 2 1
github.com/therealfilko/HTMLTextExtractor/pkg/counter/counter.go:17.31,19.6 1 0
github.com/therealfilko/HTMLTextExtractor/pkg/counter/counter.go:21.5,22.19 2 1
github.com/therealfilko/HTMLTextExtractor/pkg/counter/counter.go:22.19,24.6 1 0
github.com/therealfilko/HTMLTextExtractor/pkg/counter/counter.go:26.5,27.27 2 1
